<?xml version="1.0" encoding="UTF-8"?>
<!-- Generated by org.testng.reporters.JUnitXMLReporter -->
<testsuite hostname="TP-LAP0037" ignored="0" name="WorkOrder" tests="3" failures="0" timestamp="2021-10-22T20:53:00 IST" time="0.218" errors="0">
  <testcase name="@BeforeTest TestSetup" time="0.157" classname="com.GoClinical_WorkOrder_ExecutionSuiteClasses.GoClinical_WorkOrder_VitalSigns_ExecutionSuite">
    <failure type="java.lang.NoSuchMethodError" message="org.openqa.selenium.chrome.ChromeOptions.addArguments([Ljava/lang/String;)Lorg/openqa/selenium/chrome/ChromeOptions;">
      <![CDATA[java.lang.NoSuchMethodError: org.openqa.selenium.chrome.ChromeOptions.addArguments([Ljava/lang/String;)Lorg/openqa/selenium/chrome/ChromeOptions;
at com.Utils.LaunchBrowser.LaunchBrowserapp(LaunchBrowser.java:73)
at com.GoClinical_WorkOrder_ExecutionSuiteClasses.GoClinical_WorkOrder_VitalSigns_ExecutionSuite.TestSetup(GoClinical_WorkOrder_VitalSigns_ExecutionSuite.java:60)
... Removed 24 stack frames]]>
    </failure>
  </testcase> <!-- @BeforeTest TestSetup -->
  <testcase name="@AfterTest CloseTest" time="-1.634916180372E9" classname="com.GoClinical_WorkOrder_ExecutionSuiteClasses.GoClinical_WorkOrder_VitalSigns_ExecutionSuite">
    <skipped/>
  </testcase> <!-- @AfterTest CloseTest -->
  <testcase name="AdminUserNewWorkOrder" time="0.0" classname="com.GoClinical_WorkOrder_ExecutionSuiteClasses.GoClinical_WorkOrder_VitalSigns_ExecutionSuite">
    <skipped/>
  </testcase> <!-- AdminUserNewWorkOrder -->
  <testcase name="NurseUserMyWorkOrders" time="0.0" classname="com.GoClinical_WorkOrder_ExecutionSuiteClasses.GoClinical_WorkOrder_VitalSigns_ExecutionSuite">
    <skipped/>
  </testcase> <!-- NurseUserMyWorkOrders -->
  <testcase name="AdminUserReviewRecords" time="0.0" classname="com.GoClinical_WorkOrder_ExecutionSuiteClasses.GoClinical_WorkOrder_VitalSigns_ExecutionSuite">
    <skipped/>
  </testcase> <!-- AdminUserReviewRecords -->
</testsuite> <!-- WorkOrder -->
