<?xml version="1.0" encoding="UTF-8"?>
<testng-results skipped="0" failed="0" ignored="0" total="3" passed="3">
  <reporter-output>
  </reporter-output>
  <suite name="GoClinical_AutomationTesting" duration-ms="104550" started-at="2021-10-20T10:34:27 IST" finished-at="2021-10-20T10:36:12 IST">
    <groups>
    </groups>
    <test name="WorkOrder" duration-ms="104550" started-at="2021-10-20T10:34:27 IST" finished-at="2021-10-20T10:36:12 IST">
      <class name="com.GoClinical_WorkOrder_ExecutionSuiteClasses.GoClinical_WorkOrder_AutomationTesting_ExecutionSuite">
        <test-method status="PASS" signature="TestSetup(java.lang.String)[pri:0, instance:com.GoClinical_WorkOrder_ExecutionSuiteClasses.GoClinical_WorkOrder_AutomationTesting_ExecutionSuite@667a738]" name="TestSetup" is-config="true" duration-ms="6383" started-at="2021-10-20T10:34:27 IST" finished-at="2021-10-20T10:34:34 IST">
          <params>
            <param index="0">
              <value>
                <![CDATA[chrome]]>
              </value>
            </param>
          </params>
          <reporter-output>
          </reporter-output>
        </test-method> <!-- TestSetup -->
        <test-method status="PASS" signature="AdminUserNewWorkOrder()[pri:0, instance:com.GoClinical_WorkOrder_ExecutionSuiteClasses.GoClinical_WorkOrder_AutomationTesting_ExecutionSuite@667a738]" name="AdminUserNewWorkOrder" duration-ms="28639" started-at="2021-10-20T10:34:34 IST" finished-at="2021-10-20T10:35:03 IST">
          <reporter-output>
          </reporter-output>
        </test-method> <!-- AdminUserNewWorkOrder -->
        <test-method status="PASS" signature="NurseUserMyWorkOrders()[pri:1, instance:com.GoClinical_WorkOrder_ExecutionSuiteClasses.GoClinical_WorkOrder_AutomationTesting_ExecutionSuite@667a738]" name="NurseUserMyWorkOrders" duration-ms="43242" started-at="2021-10-20T10:35:03 IST" finished-at="2021-10-20T10:35:46 IST">
          <reporter-output>
          </reporter-output>
        </test-method> <!-- NurseUserMyWorkOrders -->
        <test-method status="PASS" signature="AdminUserReviewRecords()[pri:2, instance:com.GoClinical_WorkOrder_ExecutionSuiteClasses.GoClinical_WorkOrder_AutomationTesting_ExecutionSuite@667a738]" name="AdminUserReviewRecords" duration-ms="26104" started-at="2021-10-20T10:35:46 IST" finished-at="2021-10-20T10:36:12 IST">
          <reporter-output>
          </reporter-output>
        </test-method> <!-- AdminUserReviewRecords -->
        <test-method status="PASS" signature="CloseTest()[pri:0, instance:com.GoClinical_WorkOrder_ExecutionSuiteClasses.GoClinical_WorkOrder_AutomationTesting_ExecutionSuite@667a738]" name="CloseTest" is-config="true" duration-ms="156" started-at="2021-10-20T10:36:12 IST" finished-at="2021-10-20T10:36:12 IST">
          <reporter-output>
          </reporter-output>
        </test-method> <!-- CloseTest -->
      </class> <!-- com.GoClinical_WorkOrder_ExecutionSuiteClasses.GoClinical_WorkOrder_AutomationTesting_ExecutionSuite -->
    </test> <!-- WorkOrder -->
  </suite> <!-- GoClinical_AutomationTesting -->
</testng-results>
