<?xml version="1.0" encoding="UTF-8"?>
<testng-results skipped="0" failed="0" ignored="0" total="1" passed="1">
  <reporter-output>
  </reporter-output>
  <suite name="GoClinical_AutomationTesting" duration-ms="60125" started-at="2021-10-23T20:07:50 IST" finished-at="2021-10-23T20:08:50 IST">
    <groups>
    </groups>
    <test name="WorkOrder" duration-ms="60125" started-at="2021-10-23T20:07:50 IST" finished-at="2021-10-23T20:08:50 IST">
      <class name="com.GoClinical_WorkOrder_ExecutionSuiteClasses.GoClinical_WorkOrder_AutomationTesting_ExecutionSuite2">
        <test-method status="PASS" signature="TestSetup(java.lang.String)[pri:0, instance:com.GoClinical_WorkOrder_ExecutionSuiteClasses.GoClinical_WorkOrder_AutomationTesting_ExecutionSuite2@525f1e4e]" name="TestSetup" is-config="true" duration-ms="5176" started-at="2021-10-23T20:07:50 IST" finished-at="2021-10-23T20:07:55 IST">
          <params>
            <param index="0">
              <value>
                <![CDATA[chrome]]>
              </value>
            </param>
          </params>
          <reporter-output>
          </reporter-output>
        </test-method> <!-- TestSetup -->
        <test-method status="PASS" signature="AdminUserNewWorkOrder()[pri:0, instance:com.GoClinical_WorkOrder_ExecutionSuiteClasses.GoClinical_WorkOrder_AutomationTesting_ExecutionSuite2@525f1e4e]" name="AdminUserNewWorkOrder" duration-ms="54607" started-at="2021-10-23T20:07:55 IST" finished-at="2021-10-23T20:08:50 IST">
          <reporter-output>
          </reporter-output>
        </test-method> <!-- AdminUserNewWorkOrder -->
        <test-method status="PASS" signature="CloseTest()[pri:0, instance:com.GoClinical_WorkOrder_ExecutionSuiteClasses.GoClinical_WorkOrder_AutomationTesting_ExecutionSuite2@525f1e4e]" name="CloseTest" is-config="true" duration-ms="216" started-at="2021-10-23T20:08:50 IST" finished-at="2021-10-23T20:08:50 IST">
          <reporter-output>
          </reporter-output>
        </test-method> <!-- CloseTest -->
      </class> <!-- com.GoClinical_WorkOrder_ExecutionSuiteClasses.GoClinical_WorkOrder_AutomationTesting_ExecutionSuite2 -->
    </test> <!-- WorkOrder -->
  </suite> <!-- GoClinical_AutomationTesting -->
</testng-results>
