<?xml version="1.0" encoding="UTF-8"?>
<!-- Generated by org.testng.reporters.JUnitXMLReporter -->
<testsuite hostname="TP-LAP0037" ignored="0"
	name="TestonChrome" tests="3" failures="3"
	timestamp="2021-10-20T13:39:00 IST" time="116.984" errors="0">
	<testcase name="AdminUserNewWorkOrder" time="86.732"
		classname="com.GoClinical_WorkOrder_ExecutionSuiteClasses.GoClinical_WorkOrder_AutomationTesting_ExecutionSuite">
		<failure type="java.lang.NullPointerException">
      <![CDATA[java.lang.NullPointerException
at com.Utils.ExcelConnection.getField(ExcelConnection.java:67)
at com.Utils.ExcelConnection.setValueintocell(ExcelConnection.java:40)
at com.AdminUser.PagesData.AdminUser_LoginPageData.setData(AdminUser_LoginPageData.java:36)
at com.GoClinical_WorkOrder_ExecutionSuiteClasses.GoClinical_WorkOrder_AutomationTesting_ExecutionSuite.AdminUserNewWorkOrder(GoClinical_WorkOrder_AutomationTesting_ExecutionSuite.java:105)
at java.util.ArrayList.forEach(Unknown Source)
at java.util.concurrent.FutureTask.run(Unknown Source)
at java.util.concurrent.ThreadPoolExecutor.runWorker(Unknown Source)
at java.util.concurrent.ThreadPoolExecutor$Worker.run(Unknown Source)
at java.lang.Thread.run(Unknown Source)
... Removed 18 stack frames]]>
		</failure>
	</testcase> <!-- AdminUserNewWorkOrder -->
	<testcase name="NurseUserMyWorkOrders" time="0.008"
		classname="com.GoClinical_WorkOrder_ExecutionSuiteClasses.GoClinical_WorkOrder_AutomationTesting_ExecutionSuite">
		<failure type="java.lang.NullPointerException">
      <![CDATA[java.lang.NullPointerException
at com.Utils.ExcelConnection.columnDictionary(ExcelConnection.java:109)
at com.NurseUser.PagesData.NurseUser_LoginPageData.<init>(NurseUser_LoginPageData.java:19)
at com.GoClinical_WorkOrder_ExecutionSuiteClasses.GoClinical_WorkOrder_AutomationTesting_ExecutionSuite.NurseUserMyWorkOrders(GoClinical_WorkOrder_AutomationTesting_ExecutionSuite.java:120)
at java.util.ArrayList.forEach(Unknown Source)
at java.util.concurrent.FutureTask.run(Unknown Source)
at java.util.concurrent.ThreadPoolExecutor.runWorker(Unknown Source)
at java.util.concurrent.ThreadPoolExecutor$Worker.run(Unknown Source)
at java.lang.Thread.run(Unknown Source)
... Removed 18 stack frames]]>
		</failure>
	</testcase> <!-- NurseUserMyWorkOrders -->
	<testcase name="AdminUserReviewRecords" time="0.012"
		classname="com.GoClinical_WorkOrder_ExecutionSuiteClasses.GoClinical_WorkOrder_AutomationTesting_ExecutionSuite">
		<failure type="java.lang.NullPointerException">
      <![CDATA[java.lang.NullPointerException
at com.Utils.ExcelConnection.columnDictionary(ExcelConnection.java:109)
at com.AdminUser.PagesData.AdminUser_LoginPageData.<init>(AdminUser_LoginPageData.java:19)
at com.GoClinical_WorkOrder_ExecutionSuiteClasses.GoClinical_WorkOrder_AutomationTesting_ExecutionSuite.AdminUserReviewRecords(GoClinical_WorkOrder_AutomationTesting_ExecutionSuite.java:170)
at java.util.ArrayList.forEach(Unknown Source)
at java.util.concurrent.FutureTask.run(Unknown Source)
at java.util.concurrent.ThreadPoolExecutor.runWorker(Unknown Source)
at java.util.concurrent.ThreadPoolExecutor$Worker.run(Unknown Source)
at java.lang.Thread.run(Unknown Source)
... Removed 18 stack frames]]>
		</failure>
	</testcase> <!-- AdminUserReviewRecords -->
</testsuite> <!-- TestonChrome -->
