<?xml version="1.0" encoding="UTF-8"?>
<!-- Generated by org.testng.reporters.JUnitXMLReporter -->
<testsuite hostname="00-PARIGUE" ignored="0" name="ClassicComplimentary_SignUp" tests="1" failures="1" timestamp="26 Mar 2019 22:09:55 GMT" time="387.869" errors="0">
  <testcase name="ComplimentarySignUP" time="359.416" classname="com.MGS_Execution_Classes.ClassicComplimentary_SignUp">
    <failure type="java.lang.ArrayIndexOutOfBoundsException" message="24">
      <![CDATA[java.lang.ArrayIndexOutOfBoundsException: 24
at jxl.read.biff.SheetImpl.getCell(SheetImpl.java:318)
at com.Utils.ExcelConnection.readCell(ExcelConnection.java:125)
at com.MGS.PagesData.Member_SignUpPagedata.Getdata(Member_SignUpPagedata.java:28)
at com.MGS_Execution_Classes.ClassicComplimentary_SignUp.ComplimentarySignUP(ClassicComplimentary_SignUp.java:60)
... Removed 25 stack frames]]>
    </failure>
  </testcase> <!-- ComplimentarySignUP -->
</testsuite> <!-- ClassicComplimentary_SignUp -->
