<?xml version="1.0" encoding="UTF-8"?>
<!-- Generated by org.testng.reporters.JUnitXMLReporter -->
<testsuite hostname="00-PARIGUE" ignored="0" name="ClassicGiftMember_SignUp" tests="1" failures="1" timestamp="26 Mar 2019 22:35:31 GMT" time="1316.678" errors="0">
  <testcase name="GiftMemberSignUP" time="1261.121" classname="com.MGS_Execution_Classes.ClassicGiftMember_SignUp">
    <failure type="java.lang.AssertionError" message="expected [true] but found [false]">
      <![CDATA[java.lang.AssertionError: expected [true] but found [false]
at com.Utils.BasePages.verifyTextEqualWithOutLog(BasePages.java:486)
at com.MGS.Pages.Page_GiftMembersEntry.ReadOnlyGiftCostofMembership(Page_GiftMembersEntry.java:137)
at com.MGS.Pages.Page_GiftMembersEntry.EnterGiftMemberInformation(Page_GiftMembersEntry.java:160)
at com.MGSCommonPages.Pages.ClassicEnterGiftMemberInformation(Pages.java:141)
at com.MGS_Execution_Classes.ClassicGiftMember_SignUp.GiftMemberSignUP(ClassicGiftMember_SignUp.java:65)
... Removed 29 stack frames]]>
    </failure>
  </testcase> <!-- GiftMemberSignUP -->
</testsuite> <!-- ClassicGiftMember_SignUp -->
