<?xml version="1.0" encoding="UTF-8"?>
<!-- Generated by org.testng.reporters.JUnitXMLReporter -->
<testsuite hostname="00-PARIGUE" ignored="0" name="LightningComplimentary" tests="1" failures="0" timestamp="15 Mar 2019 14:33:25 GMT" time="0.343" errors="0">
  <testcase name="@BeforeTest Beforetest" time="0.312" classname="com.MGS_Execution_Classes.LightningComplimentary_SignUp">
    <failure type="java.lang.NullPointerException">
      <![CDATA[java.lang.NullPointerException
at com.Utils.ExcelConnection.columnDictionary(ExcelConnection.java:129)
at com.MGS.PagesData.Member_SignUpPagedata.<init>(Member_SignUpPagedata.java:22)
at com.MGS_Execution_Classes.LightningComplimentary_SignUp.Beforetest(LightningComplimentary_SignUp.java:49)
at java.util.concurrent.FutureTask.run(Unknown Source)
at java.util.concurrent.ThreadPoolExecutor.runWorker(Unknown Source)
at java.util.concurrent.ThreadPoolExecutor$Worker.run(Unknown Source)
at java.lang.Thread.run(Unknown Source)
... Removed 15 stack frames]]>
    </failure>
  </testcase> <!-- @BeforeTest Beforetest -->
  <testcase name="LightningComplimentarySignUP" time="0.0" classname="com.MGS_Execution_Classes.LightningComplimentary_SignUp">
    <skipped/>
  </testcase> <!-- LightningComplimentarySignUP -->
</testsuite> <!-- LightningComplimentary -->
