<?xml version="1.0" encoding="UTF-8"?>
<!-- Generated by org.testng.reporters.JUnitXMLReporter -->
<testsuite hostname="00-PARIGUE" ignored="0" name="LightningCoopersHawkCares_SignUp" tests="1" failures="0" timestamp="15 Mar 2019 14:41:11 GMT" time="0.35" errors="0">
  <testcase name="@BeforeTest Beforetest" time="0.303" classname="com.MGS_Execution_Classes.LightningCoopersHawkCares_SignUp">
    <failure type="java.lang.NullPointerException">
      <![CDATA[java.lang.NullPointerException
at com.Utils.ExcelConnection.columnDictionary(ExcelConnection.java:129)
at com.MGS.PagesData.Member_SignUpPagedata.<init>(Member_SignUpPagedata.java:22)
at com.MGS_Execution_Classes.LightningCoopersHawkCares_SignUp.Beforetest(LightningCoopersHawkCares_SignUp.java:51)
at java.util.concurrent.FutureTask.run(Unknown Source)
at java.util.concurrent.ThreadPoolExecutor.runWorker(Unknown Source)
at java.util.concurrent.ThreadPoolExecutor$Worker.run(Unknown Source)
at java.lang.Thread.run(Unknown Source)
... Removed 15 stack frames]]>
    </failure>
  </testcase> <!-- @BeforeTest Beforetest -->
  <testcase name="LightningFounderSignUP" time="0.0" classname="com.MGS_Execution_Classes.LightningCoopersHawkCares_SignUp">
    <skipped/>
  </testcase> <!-- LightningFounderSignUP -->
</testsuite> <!-- LightningCoopersHawkCares_SignUp -->
