<?xml version="1.0" encoding="UTF-8"?>
<!-- Generated by org.testng.reporters.JUnitXMLReporter -->
<testsuite hostname="00-PARIGUE" ignored="0" name="Test2" tests="1" failures="1" timestamp="15 Mar 2019 17:26:02 GMT" time="337.797" errors="0">
  <testcase name="ComplimentarySignUP" time="302.786" classname="com.MGS_Execution_Classes.ClassicComplimentary_SignUp">
    <failure type="java.lang.ArrayIndexOutOfBoundsException" message="24">
      <![CDATA[java.lang.ArrayIndexOutOfBoundsException: 24
at jxl.read.biff.SheetImpl.getCell(SheetImpl.java:318)
at com.Utils.ExcelConnection.readCell(ExcelConnection.java:125)
at com.MGS.PagesData.Member_SignUpPagedata.Getdata(Member_SignUpPagedata.java:28)
at com.MGS_Execution_Classes.ClassicComplimentary_SignUp.ComplimentarySignUP(ClassicComplimentary_SignUp.java:62)
... Removed 25 stack frames]]>
    </failure>
  </testcase> <!-- ComplimentarySignUP -->
</testsuite> <!-- Test2 -->
