<?xml version="1.0" encoding="UTF-8"?>
<testng-results skipped="0" failed="0" ignored="0" total="1" passed="1">
  <reporter-output>
  </reporter-output>
  <suite name="Default suite" duration-ms="91904" started-at="2021-10-26T16:19:15 IST" finished-at="2021-10-26T16:20:46 IST">
    <groups>
    </groups>
    <test name="Default test" duration-ms="91904" started-at="2021-10-26T16:19:15 IST" finished-at="2021-10-26T16:20:46 IST">
      <class name="ExecutionClasses.Onetest3">
        <test-method status="PASS" signature="launchBrowser()[pri:0, instance:ExecutionClasses.Onetest3@667a738]" name="launchBrowser" is-config="true" duration-ms="10749" started-at="2021-10-26T16:19:15 IST" finished-at="2021-10-26T16:19:25 IST">
          <reporter-output>
          </reporter-output>
        </test-method> <!-- launchBrowser -->
        <test-method status="PASS" signature="AdminUserSubmitRecords()[pri:0, instance:ExecutionClasses.Onetest3@667a738]" name="AdminUserSubmitRecords" duration-ms="80944" started-at="2021-10-26T16:19:25 IST" finished-at="2021-10-26T16:20:46 IST">
          <reporter-output>
          </reporter-output>
        </test-method> <!-- AdminUserSubmitRecords -->
        <test-method status="PASS" signature="CloseBroswer()[pri:0, instance:ExecutionClasses.Onetest3@667a738]" name="CloseBroswer" is-config="true" duration-ms="182" started-at="2021-10-26T16:20:46 IST" finished-at="2021-10-26T16:20:46 IST">
          <reporter-output>
          </reporter-output>
        </test-method> <!-- CloseBroswer -->
      </class> <!-- ExecutionClasses.Onetest3 -->
    </test> <!-- Default test -->
  </suite> <!-- Default suite -->
</testng-results>
